\BOOKMARK [1][-]{section.1}{Introduction}{}% 1
\BOOKMARK [2][-]{subsection.1.1}{Background}{section.1}% 2
\BOOKMARK [2][-]{subsection.1.2}{Problem Description}{section.1}% 3
\BOOKMARK [2][-]{subsection.1.3}{General Assumptions}{section.1}% 4
\BOOKMARK [2][-]{subsection.1.4}{Notation}{section.1}% 5
\BOOKMARK [1][-]{section.2}{Analysis of the Problem}{}% 6
\BOOKMARK [2][-]{subsection.2.1}{Correlation Analysis and Heat Map}{section.2}% 7
\BOOKMARK [2][-]{subsection.2.2}{Network Analysis}{section.2}% 8
\BOOKMARK [1][-]{section.3}{Network Display}{}% 9
\BOOKMARK [1][-]{section.4}{Build Network Science Model}{}% 10
\BOOKMARK [1][-]{section.5}{Model Validation}{}% 11
\BOOKMARK [1][-]{section.6}{Validating the Model}{}% 12
\BOOKMARK [1][-]{section.7}{Conclusions}{}% 13
\BOOKMARK [1][-]{section.8}{A Summary}{}% 14
\BOOKMARK [1][-]{section.9}{Evaluate of the Mode}{}% 15
\BOOKMARK [1][-]{section.10}{Strengths and weaknesses}{}% 16
\BOOKMARK [2][-]{subsection.10.1}{Strengths}{section.10}% 17
\BOOKMARK [1][-]{section*.2}{Appendices}{}% 18
\BOOKMARK [1][-]{Appendix.a.A}{Appendix First appendix}{}% 19
\BOOKMARK [1][-]{Appendix.a.B}{Appendix Second appendix}{}% 20
